[0.069s] Invoking command in '/home/ubuntu/UnencumberedJellyfish/build/hardware_comm': CMAKE_PREFIX_PATH=/opt/ros/foxy /usr/bin/cmake --build /home/ubuntu/UnencumberedJellyfish/build/hardware_comm -- -j4 -l4
[0.242s] [35m[1mScanning dependencies of target hardware_comm[0m
[0.412s] [ 25%] [32mBuilding CXX object CMakeFiles/hardware_comm.dir/src/hardware_comm.cpp.o[0m
[5.858s] In file included from [01m[K/home/ubuntu/UnencumberedJellyfish/Code/hardware_comm/src/hardware_comm.cpp:1[m[K:
[5.859s] [01m[K/home/ubuntu/UnencumberedJellyfish/Code/hardware_comm/include/hardware_comm.hpp:31:39:[m[K [01;31m[Kerror: [m[Kâ€˜[01m[KJoy[m[Kâ€™ is not a member of â€˜[01m[Ksensor_msgs::msg[m[Kâ€™
[5.860s]    31 |   rclcpp::Publisher<sensor_msgs::msg::[01;31m[KJoy[m[K>::SharedPtr m_joy;
[5.861s]       |                                       [01;31m[K^~~[m[K
[5.861s] [01m[K/home/ubuntu/UnencumberedJellyfish/Code/hardware_comm/include/hardware_comm.hpp:31:39:[m[K [01;31m[Kerror: [m[Kâ€˜[01m[KJoy[m[Kâ€™ is not a member of â€˜[01m[Ksensor_msgs::msg[m[Kâ€™
[5.862s] [01m[K/home/ubuntu/UnencumberedJellyfish/Code/hardware_comm/include/hardware_comm.hpp:31:42:[m[K [01;31m[Kerror: [m[Ktemplate argument 1 is invalid
[5.862s]    31 |   rclcpp::Publisher<sensor_msgs::msg::Joy[01;31m[K>[m[K::SharedPtr m_joy;
[5.863s]       |                                          [01;31m[K^[m[K
[5.864s] [01m[K/home/ubuntu/UnencumberedJellyfish/Code/hardware_comm/include/hardware_comm.hpp:31:45:[m[K [01;31m[Kerror: [m[Kexpected â€˜[01m[K;[m[Kâ€™ at end of member declaration
[5.864s]    31 |   rclcpp::Publisher<sensor_msgs::msg::Joy>::[01;31m[KSharedPtr[m[K m_joy;
[5.865s]       |                                             [01;31m[K^~~~~~~~~[m[K
[5.865s]       |                                                      [32m[K;[m[K
[5.866s] [01m[K/home/ubuntu/UnencumberedJellyfish/Code/hardware_comm/include/hardware_comm.hpp:31:55:[m[K [01;31m[Kerror: [m[Kâ€˜[01m[Km_joy[m[Kâ€™ does not name a type
[5.866s]    31 |   rclcpp::Publisher<sensor_msgs::msg::Joy>::SharedPtr [01;31m[Km_joy[m[K;
[5.866s]       |                                                       [01;31m[K^~~~~[m[K
[5.875s] [01m[K/home/ubuntu/UnencumberedJellyfish/Code/hardware_comm/src/hardware_comm.cpp:[m[K In constructor â€˜[01m[KHardwareComm::HardwareComm()[m[Kâ€™:
[5.876s] [01m[K/home/ubuntu/UnencumberedJellyfish/Code/hardware_comm/src/hardware_comm.cpp:10:3:[m[K [01;31m[Kerror: [m[Kâ€˜[01m[Km_joy[m[Kâ€™ was not declared in this scope
[5.877s]    10 |   [01;31m[Km_joy[m[K = this->create_publisher<sensor_msgs::msg::Joy>("DriverStation/joy", 10);
[5.878s]       |   [01;31m[K^~~~~[m[K
[5.878s] [01m[K/home/ubuntu/UnencumberedJellyfish/Code/hardware_comm/src/hardware_comm.cpp:10:52:[m[K [01;31m[Kerror: [m[Kâ€˜[01m[KJoy[m[Kâ€™ is not a member of â€˜[01m[Ksensor_msgs::msg[m[Kâ€™
[5.879s]    10 |   m_joy = this->create_publisher<sensor_msgs::msg::[01;31m[KJoy[m[K>("DriverStation/joy", 10);
[5.879s]       |                                                    [01;31m[K^~~[m[K
[5.880s] [01m[K/home/ubuntu/UnencumberedJellyfish/Code/hardware_comm/src/hardware_comm.cpp:10:52:[m[K [01;31m[Kerror: [m[Kâ€˜[01m[KJoy[m[Kâ€™ is not a member of â€˜[01m[Ksensor_msgs::msg[m[Kâ€™
[5.880s] [01m[K/home/ubuntu/UnencumberedJellyfish/Code/hardware_comm/src/hardware_comm.cpp:10:80:[m[K [01;31m[Kerror: [m[Kno matching function for call to â€˜[01m[KHardwareComm::create_publisher<<expression error> >(const char [18], int)[m[Kâ€™
[5.880s]    10 |   m_joy = this->create_publisher<sensor_msgs::msg::Joy>("DriverStation/joy", 10[01;31m[K)[m[K;
[5.881s]       |                                                                                [01;31m[K^[m[K
[5.881s] In file included from [01m[K/opt/ros/foxy/include/rclcpp/executors/single_threaded_executor.hpp:28[m[K,
[5.882s]                  from [01m[K/opt/ros/foxy/include/rclcpp/executors.hpp:22[m[K,
[5.882s]                  from [01m[K/opt/ros/foxy/include/rclcpp/rclcpp.hpp:146[m[K,
[5.883s]                  from [01m[K/home/ubuntu/UnencumberedJellyfish/Code/hardware_comm/include/hardware_comm.hpp:9[m[K,
[5.883s]                  from [01m[K/home/ubuntu/UnencumberedJellyfish/Code/hardware_comm/src/hardware_comm.cpp:1[m[K:
[5.883s] [01m[K/opt/ros/foxy/include/rclcpp/node.hpp:184:3:[m[K [01;36m[Knote: [m[Kcandidate: â€˜[01m[Ktemplate<class MessageT, class AllocatorT, class PublisherT> std::shared_ptr<PublisherT> rclcpp::Node::create_publisher(const string&, const rclcpp::QoS&, const rclcpp::PublisherOptionsWithAllocator<AllocatorT>&)[m[Kâ€™
[5.884s]   184 |   [01;36m[Kcreate_publisher[m[K(
[5.884s]       |   [01;36m[K^~~~~~~~~~~~~~~~[m[K
[5.885s] [01m[K/opt/ros/foxy/include/rclcpp/node.hpp:184:3:[m[K [01;36m[Knote: [m[K  template argument deduction/substitution failed:
[5.885s] [01m[K/home/ubuntu/UnencumberedJellyfish/Code/hardware_comm/src/hardware_comm.cpp:10:80:[m[K [01;31m[Kerror: [m[Ktemplate argument 1 is invalid
[5.885s]    10 |   m_joy = this->create_publisher<sensor_msgs::msg::Joy>("DriverStation/joy", 10[01;31m[K)[m[K;
[5.886s]       |                                                                                [01;31m[K^[m[K
[5.932s] [01m[K/home/ubuntu/UnencumberedJellyfish/Code/hardware_comm/src/hardware_comm.cpp:[m[K In member function â€˜[01m[Kvoid HardwareComm::timerCallback()[m[Kâ€™:
[5.932s] [01m[K/home/ubuntu/UnencumberedJellyfish/Code/hardware_comm/src/hardware_comm.cpp:58:21:[m[K [01;31m[Kerror: [m[Kâ€˜[01m[KJoy[m[Kâ€™ is not a member of â€˜[01m[Ksensor_msgs::msg[m[Kâ€™
[5.933s]    58 |   sensor_msgs::msg::[01;31m[KJoy[m[K joy_msg;
[5.934s]       |                     [01;31m[K^~~[m[K
[5.938s] [01m[K/home/ubuntu/UnencumberedJellyfish/Code/hardware_comm/src/hardware_comm.cpp:59:3:[m[K [01;31m[Kerror: [m[Kâ€˜[01m[Km_joy[m[Kâ€™ was not declared in this scope
[5.938s]    59 |   [01;31m[Km_joy[m[K->publish(joy_msg);
[5.939s]       |   [01;31m[K^~~~~[m[K
[5.945s] [01m[K/home/ubuntu/UnencumberedJellyfish/Code/hardware_comm/src/hardware_comm.cpp:59:18:[m[K [01;31m[Kerror: [m[Kâ€˜[01m[Kjoy_msg[m[Kâ€™ was not declared in this scope
[5.945s]    59 |   m_joy->publish([01;31m[Kjoy_msg[m[K);
[5.945s]       |                  [01;31m[K^~~~~~~[m[K
[7.535s] make[2]: *** [CMakeFiles/hardware_comm.dir/build.make:63: CMakeFiles/hardware_comm.dir/src/hardware_comm.cpp.o] Error 1
[7.535s] make[1]: *** [CMakeFiles/Makefile2:78: CMakeFiles/hardware_comm.dir/all] Error 2
[7.536s] make: *** [Makefile:141: all] Error 2
[7.542s] Invoked command in '/home/ubuntu/UnencumberedJellyfish/build/hardware_comm' returned '2': CMAKE_PREFIX_PATH=/opt/ros/foxy /usr/bin/cmake --build /home/ubuntu/UnencumberedJellyfish/build/hardware_comm -- -j4 -l4
