[0.069s] Invoking command in '/home/ubuntu/UnencumberedJellyfish/build/hardware_comm': CMAKE_PREFIX_PATH=/opt/ros/foxy /usr/bin/cmake --build /home/ubuntu/UnencumberedJellyfish/build/hardware_comm -- -j4 -l4
[0.242s] [35m[1mScanning dependencies of target hardware_comm[0m
[0.377s] make[2]: *** No rule to make target '/home/ubuntu/UnencumberedJellyfish/Code/hardware_comm/src/bno055/Adafruit_Sensor.cpp', needed by 'CMakeFiles/hardware_comm.dir/src/bno055/Adafruit_Sensor.cpp.o'.  Stop.
[0.377s] make[2]: *** Waiting for unfinished jobs....
[0.407s] [ 20%] [32mBuilding CXX object CMakeFiles/hardware_comm.dir/src/hardware_comm.cpp.o[0m
[5.849s] [01m[K/home/ubuntu/UnencumberedJellyfish/Code/hardware_comm/src/hardware_comm.cpp:[m[K In constructor â€˜[01m[KHardwareComm::HardwareComm()[m[Kâ€™:
[5.850s] [01m[K/home/ubuntu/UnencumberedJellyfish/Code/hardware_comm/src/hardware_comm.cpp:11:53:[m[K [01;31m[Kerror: [m[Kâ€˜[01m[KMinimalPublisher[m[Kâ€™ has not been declared
[5.851s]    11 |   mTimer = this->create_wall_timer(20ms, std::bind(&[01;31m[KMinimalPublisher[m[K::timerCallback, this));
[5.852s]       |                                                     [01;31m[K^~~~~~~~~~~~~~~~[m[K
[5.854s] [01m[K/home/ubuntu/UnencumberedJellyfish/Code/hardware_comm/src/hardware_comm.cpp:14:7:[m[K [01;31m[Kerror: [m[Kâ€˜[01m[Kbno[m[Kâ€™ was not declared in this scope
[5.854s]    14 |   if(![01;31m[Kbno[m[K.begin())
[5.855s]       |       [01;31m[K^~~[m[K
[5.858s] [01m[K/home/ubuntu/UnencumberedJellyfish/Code/hardware_comm/src/hardware_comm.cpp:20:13:[m[K [01;31m[Kerror: [m[Kâ€˜[01m[Kmilliseconds[m[Kâ€™ was not declared in this scope; did you mean â€˜[01m[Kstd::chrono::milliseconds[m[Kâ€™?
[5.858s]    20 |   sleep_for([01;31m[Kmilliseconds[m[K(1000));
[5.860s]       |             [01;31m[K^~~~~~~~~~~~[m[K
[5.860s]       |             [32m[Kstd::chrono::milliseconds[m[K
[5.861s] In file included from [01m[K/home/ubuntu/UnencumberedJellyfish/Code/hardware_comm/include/hardware_comm.hpp:5[m[K,
[5.862s]                  from [01m[K/home/ubuntu/UnencumberedJellyfish/Code/hardware_comm/src/hardware_comm.cpp:1[m[K:
[5.863s] [01m[K/usr/include/c++/9/chrono:611:59:[m[K [01;36m[Knote: [m[Kâ€˜[01m[Kstd::chrono::milliseconds[m[Kâ€™ declared here
[5.863s]   611 |     typedef duration<_GLIBCXX_CHRONO_INT64_T, milli>      [01;36m[Kmilliseconds[m[K;
[5.864s]       |                                                           [01;36m[K^~~~~~~~~~~~[m[K
[5.865s] [01m[K/home/ubuntu/UnencumberedJellyfish/Code/hardware_comm/src/hardware_comm.cpp:20:3:[m[K [01;31m[Kerror: [m[Kâ€˜[01m[Ksleep_for[m[Kâ€™ was not declared in this scope
[5.865s]    20 |   [01;31m[Ksleep_for[m[K(milliseconds(1000));
[5.866s]       |   [01;31m[K^~~~~~~~~[m[K
[5.866s] [01m[K/home/ubuntu/UnencumberedJellyfish/Code/hardware_comm/src/hardware_comm.cpp:20:3:[m[K [01;36m[Knote: [m[Ksuggested alternatives:
[5.866s] In file included from [01m[K/opt/ros/foxy/include/rclcpp/client.hpp:36[m[K,
[5.867s]                  from [01m[K/opt/ros/foxy/include/rclcpp/callback_group.hpp:23[m[K,
[5.868s]                  from [01m[K/opt/ros/foxy/include/rclcpp/any_executable.hpp:20[m[K,
[5.868s]                  from [01m[K/opt/ros/foxy/include/rclcpp/memory_strategy.hpp:24[m[K,
[5.869s]                  from [01m[K/opt/ros/foxy/include/rclcpp/memory_strategies.hpp:18[m[K,
[5.869s]                  from [01m[K/opt/ros/foxy/include/rclcpp/executor_options.hpp:20[m[K,
[5.870s]                  from [01m[K/opt/ros/foxy/include/rclcpp/executor.hpp:33[m[K,
[5.871s]                  from [01m[K/opt/ros/foxy/include/rclcpp/executors/multi_threaded_executor.hpp:26[m[K,
[5.872s]                  from [01m[K/opt/ros/foxy/include/rclcpp/executors.hpp:21[m[K,
[5.872s]                  from [01m[K/opt/ros/foxy/include/rclcpp/rclcpp.hpp:146[m[K,
[5.873s]                  from [01m[K/home/ubuntu/UnencumberedJellyfish/Code/hardware_comm/include/hardware_comm.hpp:9[m[K,
[5.873s]                  from [01m[K/home/ubuntu/UnencumberedJellyfish/Code/hardware_comm/src/hardware_comm.cpp:1[m[K:
[5.874s] [01m[K/opt/ros/foxy/include/rclcpp/utilities.hpp:215:1:[m[K [01;36m[Knote: [m[K  â€˜[01m[Krclcpp::sleep_for[m[Kâ€™
[5.874s]   215 | [01;36m[Ksleep_for[m[K(
[5.875s]       | [01;36m[K^~~~~~~~~[m[K
[5.875s] In file included from [01m[K/usr/include/c++/9/future:39[m[K,
[5.875s]                  from [01m[K/opt/ros/foxy/include/rclcpp/executors.hpp:18[m[K,
[5.876s]                  from [01m[K/opt/ros/foxy/include/rclcpp/rclcpp.hpp:146[m[K,
[5.876s]                  from [01m[K/home/ubuntu/UnencumberedJellyfish/Code/hardware_comm/include/hardware_comm.hpp:9[m[K,
[5.877s]                  from [01m[K/home/ubuntu/UnencumberedJellyfish/Code/hardware_comm/src/hardware_comm.cpp:1[m[K:
[5.877s] [01m[K/usr/include/c++/9/thread:366:7:[m[K [01;36m[Knote: [m[K  â€˜[01m[Kstd::this_thread::sleep_for[m[Kâ€™
[5.877s]   366 |       [01;36m[Ksleep_for[m[K(const chrono::duration<_Rep, _Period>& __rtime)
[5.878s]       |       [01;36m[K^~~~~~~~~[m[K
[5.878s] [01m[K/home/ubuntu/UnencumberedJellyfish/Code/hardware_comm/src/hardware_comm.cpp:23:17:[m[K [01;31m[Kerror: [m[Kâ€˜[01m[Kbno[m[Kâ€™ was not declared in this scope
[5.879s]    23 |   int8_t temp = [01;31m[Kbno[m[K.getTemp();
[5.879s]       |                 [01;31m[K^~~[m[K
[5.879s] [01m[K/home/ubuntu/UnencumberedJellyfish/Code/hardware_comm/src/hardware_comm.cpp:[m[K In member function â€˜[01m[Kvoid HardwareComm::timerCallback()[m[Kâ€™:
[5.880s] [01m[K/home/ubuntu/UnencumberedJellyfish/Code/hardware_comm/src/hardware_comm.cpp:34:18:[m[K [01;31m[Kerror: [m[Kâ€˜[01m[Kusing _header_type = struct std_msgs::msg::Header_<std::allocator<void> >[m[Kâ€™ {aka â€˜[01m[Kstruct std_msgs::msg::Header_<std::allocator<void> >[m[Kâ€™} has no member named â€˜[01m[Kseq[m[Kâ€™
[5.880s]    34 |   message.header.[01;31m[Kseq[m[K = mCount;
[5.880s]       |                  [01;31m[K^~~[m[K
[5.881s] [01m[K/home/ubuntu/UnencumberedJellyfish/Code/hardware_comm/src/hardware_comm.cpp:38:26:[m[K [01;31m[Kerror: [m[Kâ€˜[01m[Kbno[m[Kâ€™ was not declared in this scope
[5.881s]    38 |   imu::Quaternion quat = [01;31m[Kbno[m[K.getQuat();
[5.882s]       |                          [01;31m[K^~~[m[K
[8.838s] make[2]: *** [CMakeFiles/hardware_comm.dir/build.make:63: CMakeFiles/hardware_comm.dir/src/hardware_comm.cpp.o] Error 1
[8.839s] make[1]: *** [CMakeFiles/Makefile2:78: CMakeFiles/hardware_comm.dir/all] Error 2
[8.840s] make: *** [Makefile:141: all] Error 2
[8.846s] Invoked command in '/home/ubuntu/UnencumberedJellyfish/build/hardware_comm' returned '2': CMAKE_PREFIX_PATH=/opt/ros/foxy /usr/bin/cmake --build /home/ubuntu/UnencumberedJellyfish/build/hardware_comm -- -j4 -l4
