make[2]: *** No rule to make target '/home/ubuntu/UnencumberedJellyfish/Code/hardware_comm/src/bno055/Adafruit_Sensor.cpp', needed by 'CMakeFiles/hardware_comm.dir/src/bno055/Adafruit_Sensor.cpp.o'.  Stop.
make[2]: *** Waiting for unfinished jobs....
[01m[K/home/ubuntu/UnencumberedJellyfish/Code/hardware_comm/src/hardware_comm.cpp:[m[K In constructor â€˜[01m[KHardwareComm::HardwareComm()[m[Kâ€™:
[01m[K/home/ubuntu/UnencumberedJellyfish/Code/hardware_comm/src/hardware_comm.cpp:6:28:[m[K [01;31m[Kerror: [m[Kclass â€˜[01m[KHardwareComm[m[Kâ€™ does not have any field named â€˜[01m[Kcount_[m[Kâ€™
    6 |   : Node("hardware_comm"), [01;31m[Kcount_[m[K(0)
      |                            [01;31m[K^~~~~~[m[K
[01m[K/home/ubuntu/UnencumberedJellyfish/Code/hardware_comm/src/hardware_comm.cpp:10:53:[m[K [01;31m[Kerror: [m[Kâ€˜[01m[KMinimalPublisher[m[Kâ€™ has not been declared
   10 |   mTimer = this->create_wall_timer(20ms, std::bind(&[01;31m[KMinimalPublisher[m[K::timerCallback, this));
      |                                                     [01;31m[K^~~~~~~~~~~~~~~~[m[K
[01m[K/home/ubuntu/UnencumberedJellyfish/Code/hardware_comm/src/hardware_comm.cpp:13:7:[m[K [01;31m[Kerror: [m[Kâ€˜[01m[Kbno[m[Kâ€™ was not declared in this scope
   13 |   if(![01;31m[Kbno[m[K.begin())
      |       [01;31m[K^~~[m[K
[01m[K/home/ubuntu/UnencumberedJellyfish/Code/hardware_comm/src/hardware_comm.cpp:19:13:[m[K [01;31m[Kerror: [m[Kâ€˜[01m[Kmilliseconds[m[Kâ€™ was not declared in this scope; did you mean â€˜[01m[Kstd::chrono::milliseconds[m[Kâ€™?
   19 |   sleep_for([01;31m[Kmilliseconds[m[K(1000));
      |             [01;31m[K^~~~~~~~~~~~[m[K
      |             [32m[Kstd::chrono::milliseconds[m[K
In file included from [01m[K/home/ubuntu/UnencumberedJellyfish/Code/hardware_comm/include/hardware_comm.hpp:5[m[K,
                 from [01m[K/home/ubuntu/UnencumberedJellyfish/Code/hardware_comm/src/hardware_comm.cpp:1[m[K:
[01m[K/usr/include/c++/9/chrono:611:59:[m[K [01;36m[Knote: [m[Kâ€˜[01m[Kstd::chrono::milliseconds[m[Kâ€™ declared here
  611 |     typedef duration<_GLIBCXX_CHRONO_INT64_T, milli>      [01;36m[Kmilliseconds[m[K;
      |                                                           [01;36m[K^~~~~~~~~~~~[m[K
[01m[K/home/ubuntu/UnencumberedJellyfish/Code/hardware_comm/src/hardware_comm.cpp:19:3:[m[K [01;31m[Kerror: [m[Kâ€˜[01m[Ksleep_for[m[Kâ€™ was not declared in this scope
   19 |   [01;31m[Ksleep_for[m[K(milliseconds(1000));
      |   [01;31m[K^~~~~~~~~[m[K
[01m[K/home/ubuntu/UnencumberedJellyfish/Code/hardware_comm/src/hardware_comm.cpp:19:3:[m[K [01;36m[Knote: [m[Ksuggested alternatives:
In file included from [01m[K/opt/ros/foxy/include/rclcpp/client.hpp:36[m[K,
                 from [01m[K/opt/ros/foxy/include/rclcpp/callback_group.hpp:23[m[K,
                 from [01m[K/opt/ros/foxy/include/rclcpp/any_executable.hpp:20[m[K,
                 from [01m[K/opt/ros/foxy/include/rclcpp/memory_strategy.hpp:24[m[K,
                 from [01m[K/opt/ros/foxy/include/rclcpp/memory_strategies.hpp:18[m[K,
                 from [01m[K/opt/ros/foxy/include/rclcpp/executor_options.hpp:20[m[K,
                 from [01m[K/opt/ros/foxy/include/rclcpp/executor.hpp:33[m[K,
                 from [01m[K/opt/ros/foxy/include/rclcpp/executors/multi_threaded_executor.hpp:26[m[K,
                 from [01m[K/opt/ros/foxy/include/rclcpp/executors.hpp:21[m[K,
                 from [01m[K/opt/ros/foxy/include/rclcpp/rclcpp.hpp:146[m[K,
                 from [01m[K/home/ubuntu/UnencumberedJellyfish/Code/hardware_comm/include/hardware_comm.hpp:9[m[K,
                 from [01m[K/home/ubuntu/UnencumberedJellyfish/Code/hardware_comm/src/hardware_comm.cpp:1[m[K:
[01m[K/opt/ros/foxy/include/rclcpp/utilities.hpp:215:1:[m[K [01;36m[Knote: [m[K  â€˜[01m[Krclcpp::sleep_for[m[Kâ€™
  215 | [01;36m[Ksleep_for[m[K(
      | [01;36m[K^~~~~~~~~[m[K
In file included from [01m[K/usr/include/c++/9/future:39[m[K,
                 from [01m[K/opt/ros/foxy/include/rclcpp/executors.hpp:18[m[K,
                 from [01m[K/opt/ros/foxy/include/rclcpp/rclcpp.hpp:146[m[K,
                 from [01m[K/home/ubuntu/UnencumberedJellyfish/Code/hardware_comm/include/hardware_comm.hpp:9[m[K,
                 from [01m[K/home/ubuntu/UnencumberedJellyfish/Code/hardware_comm/src/hardware_comm.cpp:1[m[K:
[01m[K/usr/include/c++/9/thread:366:7:[m[K [01;36m[Knote: [m[K  â€˜[01m[Kstd::this_thread::sleep_for[m[Kâ€™
  366 |       [01;36m[Ksleep_for[m[K(const chrono::duration<_Rep, _Period>& __rtime)
      |       [01;36m[K^~~~~~~~~[m[K
[01m[K/home/ubuntu/UnencumberedJellyfish/Code/hardware_comm/src/hardware_comm.cpp:22:17:[m[K [01;31m[Kerror: [m[Kâ€˜[01m[Kbno[m[Kâ€™ was not declared in this scope
   22 |   int8_t temp = [01;31m[Kbno[m[K.getTemp();
      |                 [01;31m[K^~~[m[K
[01m[K/home/ubuntu/UnencumberedJellyfish/Code/hardware_comm/src/hardware_comm.cpp:[m[K In member function â€˜[01m[Kvoid HardwareComm::timerCallback()[m[Kâ€™:
[01m[K/home/ubuntu/UnencumberedJellyfish/Code/hardware_comm/src/hardware_comm.cpp:33:18:[m[K [01;31m[Kerror: [m[Kâ€˜[01m[Kusing _header_type = struct std_msgs::msg::Header_<std::allocator<void> >[m[Kâ€™ {aka â€˜[01m[Kstruct std_msgs::msg::Header_<std::allocator<void> >[m[Kâ€™} has no member named â€˜[01m[Kseq[m[Kâ€™
   33 |   message.header.[01;31m[Kseq[m[K = mCount;
      |                  [01;31m[K^~~[m[K
[01m[K/home/ubuntu/UnencumberedJellyfish/Code/hardware_comm/src/hardware_comm.cpp:37:26:[m[K [01;31m[Kerror: [m[Kâ€˜[01m[Kbno[m[Kâ€™ was not declared in this scope
   37 |   imu::Quaternion quat = [01;31m[Kbno[m[K.getQuat();
      |                          [01;31m[K^~~[m[K
make[2]: *** [CMakeFiles/hardware_comm.dir/build.make:63: CMakeFiles/hardware_comm.dir/src/hardware_comm.cpp.o] Error 1
make[1]: *** [CMakeFiles/Makefile2:78: CMakeFiles/hardware_comm.dir/all] Error 2
make: *** [Makefile:141: all] Error 2
