make[2]: *** No rule to make target '/home/ubuntu/UnencumberedJellyfish/Code/hardware_comm/src/bno055/Adafruit_Sensor.cpp', needed by 'CMakeFiles/hardware_comm.dir/src/bno055/Adafruit_Sensor.cpp.o'.  Stop.
make[2]: *** Waiting for unfinished jobs....
[01m[K/home/ubuntu/UnencumberedJellyfish/Code/hardware_comm/src/hardware_comm.cpp:[m[K In constructor â€˜[01m[KHardwareComm::HardwareComm()[m[Kâ€™:
[01m[K/home/ubuntu/UnencumberedJellyfish/Code/hardware_comm/src/hardware_comm.cpp:14:7:[m[K [01;31m[Kerror: [m[Kâ€˜[01m[Kbno[m[Kâ€™ was not declared in this scope
   14 |   if(![01;31m[Kbno[m[K.begin())
      |       [01;31m[K^~~[m[K
[01m[K/home/ubuntu/UnencumberedJellyfish/Code/hardware_comm/src/hardware_comm.cpp:23:17:[m[K [01;31m[Kerror: [m[Kâ€˜[01m[Kbno[m[Kâ€™ was not declared in this scope
   23 |   int8_t temp = [01;31m[Kbno[m[K.getTemp();
      |                 [01;31m[K^~~[m[K
[01m[K/home/ubuntu/UnencumberedJellyfish/Code/hardware_comm/src/hardware_comm.cpp:[m[K In member function â€˜[01m[Kvoid HardwareComm::timerCallback()[m[Kâ€™:
[01m[K/home/ubuntu/UnencumberedJellyfish/Code/hardware_comm/src/hardware_comm.cpp:34:18:[m[K [01;31m[Kerror: [m[Kâ€˜[01m[Kusing _header_type = struct std_msgs::msg::Header_<std::allocator<void> >[m[Kâ€™ {aka â€˜[01m[Kstruct std_msgs::msg::Header_<std::allocator<void> >[m[Kâ€™} has no member named â€˜[01m[Kseq[m[Kâ€™
   34 |   message.header.[01;31m[Kseq[m[K = mCount;
      |                  [01;31m[K^~~[m[K
[01m[K/home/ubuntu/UnencumberedJellyfish/Code/hardware_comm/src/hardware_comm.cpp:38:26:[m[K [01;31m[Kerror: [m[Kâ€˜[01m[Kbno[m[Kâ€™ was not declared in this scope
   38 |   imu::Quaternion quat = [01;31m[Kbno[m[K.getQuat();
      |                          [01;31m[K^~~[m[K
make[2]: *** [CMakeFiles/hardware_comm.dir/build.make:63: CMakeFiles/hardware_comm.dir/src/hardware_comm.cpp.o] Error 1
make[1]: *** [CMakeFiles/Makefile2:78: CMakeFiles/hardware_comm.dir/all] Error 2
make: *** [Makefile:141: all] Error 2
